2025-11-07 00:14:49|ERROR   |apscheduler.executors.default   |Job "Sync with Radarr (trigger: interval[1:00:00], next run at: 2025-11-07 01:14:17 CET)" raised an exception|'Traceback (most recent call last):\n  File "/app/bazarr/bin/bazarr/../libs/requests/models.py", line 974, in json\n    return complexjson.loads(self.text, **kwargs)\n           ^^^^^^^^^^^^^^^^^^^^^^^^^^^^^^^^^^^^^^\n  File "/usr/lib/python3.12/json/__init__.py", line 346, in loads\n    return _default_decoder.decode(s)\n           ^^^^^^^^^^^^^^^^^^^^^^^^^^\n  File "/usr/lib/python3.12/json/decoder.py", line 338, in decode\n    obj, end = self.raw_decode(s, idx=_w(s, 0).end())\n               ^^^^^^^^^^^^^^^^^^^^^^^^^^^^^^^^^^^^^^\n  File "/usr/lib/python3.12/json/decoder.py", line 356, in raw_decode\n    raise JSONDecodeError("Expecting value", s, err.value) from None\njson.decoder.JSONDecodeError: Expecting value: line 1 column 1 (char 0)\n\nDuring handling of the above exception, another exception occurred:\n\nTraceback (most recent call last):\n  File "/app/bazarr/bin/bazarr/radarr/info.py", line 33, in version\n    headers=HEADERS).json()\n                     ^^^^^^\n  File "/app/bazarr/bin/bazarr/../libs/requests/models.py", line 978, in json\n    raise RequestsJSONDecodeError(e.msg, e.doc, e.pos)\nrequests.exceptions.JSONDecodeError: Expecting value: line 1 column 1 (char 0)\n\nDuring handling of the above exception, another exception occurred:\n\nTraceback (most recent call last):\n  File "/app/bazarr/bin/bazarr/../libs/apscheduler/executors/base.py", line 125, in run_job\n    retval = job.func(*job.args, **job.kwargs)\n             ^^^^^^^^^^^^^^^^^^^^^^^^^^^^^^^^^\n  File "/app/bazarr/bin/bazarr/radarr/sync/movies.py", line 94, in update_movies\n    check_radarr_rootfolder()\n  File "/app/bazarr/bin/bazarr/radarr/rootfolder.py", line 64, in check_radarr_rootfolder\n    get_radarr_rootfolder()\n  File "/app/bazarr/bin/bazarr/radarr/rootfolder.py", line 19, in get_radarr_rootfolder\n    url_radarr_api_rootfolder = f"{url_api_radarr()}rootfolder?apikey={apikey_radarr}"\n                                   ^^^^^^^^^^^^^^^^\n  File "/app/bazarr/bin/bazarr/radarr/info.py", line 101, in url_api_radarr\n    return url_radarr() + f\'/api{"/v3" if not get_radarr_info.is_legacy() else ""}/\'\n                                              ^^^^^^^^^^^^^^^^^^^^^^^^^^^\n  File "/app/bazarr/bin/bazarr/radarr/info.py", line 58, in is_legacy\n    radarr_version = self.version()\n                     ^^^^^^^^^^^^^^\n  File "/app/bazarr/bin/bazarr/radarr/info.py", line 41, in version\n    radarr_version = requests.get(rv, timeout=int(settings.radarr.http_timeout), verify=False,\n                     ^^^^^^^^^^^^^^^^^^^^^^^^^^^^^^^^^^^^^^^^^^^^^^^^^^^^^^^^^^^^^^^^^^^^^^^^^\nKeyError: \'version\''|
2025-11-07 02:37:27|INFO    |root                            |BAZARR Finished searching for missing Movies Subtitles. Check History for more information.|
2025-11-07 02:37:49|ERROR   |apscheduler.executors.default   |Job "Update Release Info (trigger: interval[3:00:00], next run at: 2025-11-07 05:37:36 CET)" raised an exception|'Traceback (most recent call last):\n  File "/app/bazarr/bin/bazarr/../libs/apscheduler/executors/base.py", line 125, in run_job\n    retval = job.func(*job.args, **job.kwargs)\n             ^^^^^^^^^^^^^^^^^^^^^^^^^^^^^^^^^\n  File "/app/bazarr/bin/bazarr/app/check_update.py", line 52, in check_releases\n    json.dump(releases, f)\n  File "/usr/lib/python3.12/json/__init__.py", line 180, in dump\n    fp.write(chunk)\nOSError: [Errno 28] No space left on device'|
2025-11-07 04:01:36|INFO    |root                            |BAZARR All existing movie subtitles indexed from disk.|
2025-11-07 08:13:13|INFO    |root                            |Using opensubtitlescom again after 10 minutes, (disabled because: EOFError)|
2025-11-07 08:37:25|INFO    |root                            |BAZARR Finished searching for missing Movies Subtitles. Check History for more information.|
2025-11-07 15:08:05|INFO    |root                            |Throttling opensubtitlescom for 10 minutes, until 25/11/07 15:18, because of: EOFError. Exception info: "'Ran out of input' ~ opensubtitlescom.py@192"|
2025-11-07 15:08:37|INFO    |root                            |Throttling opensubtitlescom for 10 minutes, until 25/11/07 15:18, because of: EOFError. Exception info: "'Ran out of input' ~ opensubtitlescom.py@192"|
2025-11-07 15:08:59|INFO    |root                            |Throttling podnapisi for 10 minutes, until 25/11/07 15:18, because of: HTTPError. Exception info: "'502 Server Error: Bad Gateway for url: https://www.podnapisi.net/subtitles/Bfo-' ~ podnapisi.py@287"|
2025-11-07 15:09:03|INFO    |root                            |Throttling opensubtitlescom for 10 minutes, until 25/11/07 15:19, because of: EOFError. Exception info: "'Ran out of input' ~ opensubtitlescom.py@192"|
